6583 1700 1101 455 161 
6728 456 2006 579 231 
8176 126 904 542 252 
7925 474 1237 255 109 
9635 129 145 71 20 
9652 128 137 55 28 
9645 122 156 46 31 
9634 132 151 60 23 
7887 453 1288 231 141 
6972 158 1691 848 331 
9642 112 169 51 26 
9592 127 182 71 28 
9684 94 154 48 20 
9671 122 151 36 20 
8130 116 914 600 240 
9654 126 151 45 24 
7841 1918 161 62 18 
8183 108 908 558 243 
9653 127 152 53 15 
9636 124 154 57 29 
7757 2009 161 54 19 
7757 2005 141 66 31 
9648 116 154 61 21 
9659 130 137 51 23 
9617 129 160 72 22 
6796 381 1820 677 326 
9667 96 168 53 16 
9634 132 163 54 17 
9624 117 170 65 24 
7774 2000 154 52 20 
7938 180 1229 480 173 
9640 112 178 50 20 
9666 119 137 57 21 
9648 120 157 52 23 
9632 130 162 56 20 
9655 115 152 46 32 
6769 385 1837 680 329 
9660 108 153 54 25 
8053 197 1150 457 143 
9649 115 162 53 21 
9609 137 167 58 29 
9603 132 176 61 28 
9682 100 140 60 18 
9649 136 145 52 18 
6354 1979 1305 252 110 
9625 127 155 63 30 
9653 91 160 72 24 
7977 462 1224 228 109 
9642 132 151 57 18 
9665 116 157 44 18 
9654 111 146 64 25 
9660 106 156 59 19 
8023 178 1162 457 180 
9653 106 159 56 26 
9594 140 162 72 32 
9642 125 145 71 17 
9665 116 159 44 16 
9632 121 166 56 25 
7786 1960 168 62 24 
9643 124 164 48 21 
9635 132 143 67 23 
8121 167 1114 429 169 
8054 172 1125 481 168 
9647 115 162 51 25 
9634 121 158 61 26 
6951 149 1725 841 334 
7780 1984 151 61 24 
8200 112 927 539 222 
7927 479 1243 244 107 
8018 188 1167 477 150 
9628 128 153 65 26 
9614 136 158 57 35 
9620 130 171 56 23 
9639 137 144 57 23 
7788 1982 148 65 17 
6436 1946 1257 237 124 
9655 111 166 47 21 
8013 446 1204 236 101 
9655 124 132 65 24 
9640 110 160 66 24 
9649 117 171 43 20 
9644 122 151 52 31 
9645 105 162 56 32 
7773 1997 156 52 22 
7899 1890 141 52 18 
9638 120 141 64 37 
7938 454 1226 249 133 
8241 111 850 566 232 
9673 122 137 47 21 
9657 99 169 50 25 
7839 1945 140 51 25 
9666 113 141 53 27 
9625 130 152 58 35 
9653 118 153 48 28 
9622 125 161 66 26 
7872 473 1283 244 128 
7820 531 1264 236 149 
9624 150 169 36 21 
9641 120 175 46 18 
9639 125 166 46 24 
9610 140 162 57 31 
9668 122 143 52 15 
9653 124 150 53 20 
8058 175 1127 459 181 
9634 119 150 72 25 
8148 184 1107 420 141 
9619 138 150 62 31 
9619 130 155 71 25 
9657 115 150 54 24 
8051 184 1166 439 160 
9661 122 142 55 20 
9624 130 160 52 34 
9673 114 138 44 31 
7899 497 1252 225 127 
9674 123 128 49 26 
9643 119 150 61 27 
7778 1971 180 47 24 
8271 110 861 533 225 
7885 491 1261 237 126 
7748 2024 139 62 27 
8248 108 892 545 207 
9664 121 138 50 27 
9657 111 151 50 31 
9638 140 137 65 20 
9626 123 186 39 26 
7763 2002 152 67 16 
9627 124 178 49 22 
9622 132 171 52 23 
9616 134 159 62 29 
7823 1968 137 53 19 
9633 152 145 56 14 
8334 111 846 479 230 
9660 111 150 56 23 
7833 1939 150 52 26 
6714 1648 852 551 235 
9663 122 139 52 24 
9671 114 139 58 18 
9665 101 152 51 31 
8085 155 1180 427 153 
8047 196 1138 438 181 
7875 1915 135 58 17 
9636 128 160 53 23 
9657 103 158 55 27 
9667 118 149 49 17 
7740 2023 146 70 21 
9665 122 141 50 22 
7884 485 1266 228 137 
8087 182 1138 432 161 
9646 118 149 56 31 
9649 129 141 58 23 
7892 515 1247 235 111 
9624 139 161 58 18 
9630 129 155 56 30 
9630 114 173 66 17 
9641 115 158 60 26 
9662 111 145 55 27 
7883 451 1276 272 118 
6843 376 1778 688 315 
8021 188 1162 457 172 
9624 143 161 54 18 
8029 191 1199 427 154 
9677 112 148 43 20 
8211 134 909 524 222 
9629 130 157 66 18 
9632 132 162 55 19 
6518 1699 1145 467 171 
9617 145 145 69 24 
9662 119 138 62 19 
9624 118 179 54 25 
9673 120 131 55 21 
9679 131 130 45 15 
9643 117 167 47 26 
9680 118 141 38 23 
7898 492 1260 216 134 
9655 148 130 52 15 
9650 127 150 55 18 
9679 88 164 50 19 
9665 127 135 49 24 
9632 139 157 53 19 
9634 122 169 49 26 
6666 443 2066 564 261 
7907 467 1243 261 122 
7804 1944 165 63 24 
8186 127 933 535 219 
9638 132 147 49 34 
9654 113 153 56 24 
7855 1933 140 52 20 
9626 139 150 62 23 
9649 128 150 49 24 
8079 192 1121 441 167 
9667 96 136 65 36 
9642 114 153 69 22 
9649 118 149 57 27 
8281 112 873 486 248 
9670 134 130 49 17 
9657 105 143 71 24 
9632 126 164 58 20 
9653 108 157 57 25 
9657 127 141 57 18 
9636 129 148 58 29 
8056 166 1123 496 159 
9655 121 150 53 21 
9668 105 154 56 17 
7991 154 1218 456 181 
7888 525 1206 257 124 
9656 118 144 61 21 
9637 128 149 57 29 
9643 118 165 58 16 
9591 149 172 65 23 
9673 98 151 58 20 
8089 191 1108 462 150 
9669 129 134 43 25 
9624 133 173 46 24 
9654 122 150 53 21 
7749 2009 155 68 19 
7899 475 1275 252 99 
8208 118 904 541 229 
9671 119 145 42 23 
9634 132 156 59 19 
9680 120 130 56 14 
7795 1972 152 56 25 
7782 1981 159 52 26 
9646 111 161 49 33 
9637 126 158 55 24 
9627 133 162 59 19 
9645 116 158 56 25 
8071 171 1148 434 176 
8150 124 940 528 258 
7906 477 1259 237 121 
9651 121 152 50 26 
9633 123 155 67 22 
9638 137 137 51 37 
7885 482 1249 266 118 
9621 123 161 61 34 
7820 490 1344 213 133 
9663 95 158 64 20 
9613 133 166 56 32 
8070 179 1147 444 160 
9659 113 143 61 24 
9657 115 148 57 23 
9632 113 172 63 20 
8025 178 1161 474 162 
7736 2010 160 64 30 
9621 136 160 60 23 
8080 185 1119 460 156 
7854 1907 149 72 18 
9627 136 155 51 31 
7840 512 1275 252 121 
9633 124 164 59 20 
9666 121 143 51 19 
8033 188 1176 456 147 
9642 115 162 56 25 
7917 486 1253 233 111 
9648 130 162 44 16 
7704 2055 167 54 20 
9618 122 181 63 16 
8229 112 882 545 232 
9624 129 172 55 20 
9640 126 148 62 24 
9661 105 150 62 22 
7822 1931 164 61 22 
8232 120 900 503 245 
7837 521 1284 247 111 
7962 417 1273 225 123 
8099 174 1129 440 158 
7806 1969 144 61 20 
7884 505 1253 235 123 
9633 128 161 54 24 
7810 1950 157 61 22 
9671 121 127 57 24 
7804 1975 129 64 28 
7748 2009 163 58 22 
9676 111 134 60 19 
8173 128 934 543 222 
9621 134 152 68 25 
8185 122 899 536 258 
7801 1973 158 40 28 
9614 113 162 73 38 
9649 112 163 55 21 
9636 127 149 61 27 
9684 98 135 62 21 
9627 115 178 61 19 
8223 111 917 532 217 
9662 99 168 61 10 
8021 188 1172 445 174 
9658 126 146 43 27 
5412 1714 2001 631 242 
9658 109 158 47 28 
8285 115 847 543 210 
7914 498 1227 262 99 
6735 408 1849 699 309 
9642 116 156 59 27 
9628 132 147 64 29 
8123 180 1099 433 165 
9645 102 176 59 18 
9619 143 159 55 24 
9647 119 164 52 18 
7859 488 1279 266 108 
6646 459 2071 591 233 
9664 121 130 63 22 
9670 117 140 55 18 
7723 2036 152 62 27 
9647 112 160 59 22 
7895 454 1293 249 109 
9623 130 161 55 31 
9642 123 157 59 19 
9645 138 137 60 20 
9631 124 159 55 31 
9647 139 140 46 28 
9641 121 166 46 26 
9664 110 150 57 19 
8193 124 893 560 230 
7852 473 1285 271 119 
8029 170 1149 483 169 
7784 1960 173 64 19 
7745 2005 173 58 19 
9680 105 139 59 17 
8045 177 1156 450 172 
9626 149 144 54 27 
9596 140 183 58 23 
8244 101 854 555 246 
9639 122 154 63 22 
7919 495 1225 250 111 
9643 124 157 54 22 
9618 118 167 71 26 
9625 128 177 51 19 
7815 1957 133 66 29 
8151 118 945 511 275 
8131 126 930 597 216 
6349 2030 1267 240 114 
9636 137 143 61 23 
7861 1913 139 68 19 
9664 130 150 37 19 
7788 1955 160 67 30 
9628 134 148 73 17 
9648 124 148 58 22 
6571 445 2114 586 284 
9649 118 165 47 21 
9621 137 152 69 21 
9653 114 145 62 26 
9629 141 158 42 30 
8015 169 1176 473 167 
9636 132 150 58 24 
7962 459 1227 236 116 
7775 1958 174 59 34 
9645 119 146 63 27 
8080 185 1128 451 156 
8191 109 938 521 241 
8185 131 865 565 254 
9653 114 159 54 20 
9658 126 148 50 18 
7817 1950 164 48 21 
9663 116 141 57 23 
9638 122 158 53 29 
7813 1944 148 66 29 
8076 182 1129 464 149 
7788 1974 154 58 26 
9621 135 153 65 26 
8231 122 839 599 209 
9657 122 148 47 26 
9658 117 151 46 28 
9652 124 155 53 16 
9667 119 139 51 24 
9647 109 170 56 18 
7744 2023 151 57 25 
9614 143 152 72 19 
7844 1934 145 57 20 
7796 1989 136 59 20 
8172 125 954 536 213 
9623 154 129 65 29 
9647 137 139 59 18 
5390 1704 2090 586 230 
8247 112 893 540 208 
9645 132 145 58 20 
9682 96 146 62 14 
9662 109 152 55 22 
8201 141 878 536 244 
7813 1958 164 41 24 
9642 120 156 51 31 
9646 120 171 44 19 
9677 118 136 46 23 
8004 169 1185 465 177 
6379 1962 1289 242 128 
8163 109 928 581 219 
8267 122 892 510 209 
9641 126 155 54 24 
9657 120 150 53 20 
6559 1709 1098 475 159 
8184 104 930 564 218 
9679 101 152 50 18 
9658 118 149 64 11 
8072 181 1110 470 167 
9631 142 152 52 23 
8268 144 829 551 208 
8083 175 1145 418 179 
9637 114 157 68 24 
9650 116 159 44 31 
9638 131 158 48 25 
9657 134 138 47 24 
6332 2045 1264 239 120 
9637 125 159 48 31 
9636 123 150 68 23 
9657 125 137 61 20 
9640 129 144 69 18 
7863 513 1244 261 119 
9664 110 151 53 22 
9633 121 157 58 31 
7732 2046 138 57 27 
9662 111 140 68 19 
9625 107 175 72 21 
9628 134 173 46 19 
7841 1947 140 53 19 
9659 121 154 54 12 
9653 125 141 54 27 
9648 138 140 51 23 
9654 124 146 62 14 
9667 96 162 55 20 
7762 1992 167 64 15 
9661 102 164 56 17 
9667 121 149 48 15 
9650 133 142 51 24 
9674 120 141 53 12 
9660 122 147 52 19 
9630 140 142 60 28 
9623 124 153 75 25 
9676 113 135 47 29 
9609 144 169 58 20 
9681 112 158 36 13 
7809 1955 161 53 22 
6637 505 2036 583 239 
9640 112 171 61 16 
9669 124 138 51 18 
8094 162 1119 457 168 
9641 118 175 43 23 
9693 119 118 52 18 
9650 140 135 58 17 
9634 110 167 68 21 
7759 1999 156 56 30 
9677 122 127 54 20 
9638 131 147 62 22 
9612 135 178 55 20 
7768 1997 162 50 23 
9664 115 145 50 26 
9660 125 141 54 20 
9639 128 150 63 20 
9636 111 154 73 26 
9659 110 155 52 24 
9662 103 145 62 28 
9639 127 170 45 19 
9651 137 141 54 17 
8218 123 868 554 237 
9609 121 174 70 26 
9661 109 156 56 18 
9644 109 164 58 25 
6821 441 1745 673 320 
9644 124 158 51 23 
9659 129 158 46 8 
8234 125 892 509 240 
8020 167 1226 430 157 
9658 122 140 56 24 
9644 129 140 65 22 
9678 131 126 45 20 
9689 106 141 44 20 
9633 104 173 70 20 
9701 85 137 55 22 
9605 136 168 63 28 
9624 142 158 55 21 
9633 136 157 57 17 
9632 125 167 52 24 
9627 122 167 61 23 
9647 121 157 58 17 
9645 134 136 58 27 
9649 119 157 47 28 
9652 122 141 60 25 
9624 122 164 61 29 
9650 118 167 41 24 
8045 167 1179 421 188 
9676 111 152 51 10 
7784 1960 174 52 30 
8283 104 858 532 223 
8114 162 1086 465 173 
9673 111 144 60 12 
8223 113 891 562 211 
9658 116 150 56 20 
9668 98 163 57 14 
7863 1908 149 57 23 
9652 131 140 57 20 
9625 128 159 52 36 
7896 432 1291 263 118 
9659 119 142 57 23 
9657 125 144 55 19 
9650 105 172 52 21 
9608 150 156 64 22 
9661 111 143 63 22 
8066 175 1136 468 155 
9656 131 142 44 27 
7851 498 1326 220 105 
9650 117 152 51 30 
7890 455 1302 243 110 
9647 123 153 63 14 
9669 130 134 47 20 
9639 123 163 57 18 
9680 125 114 57 24 
9667 115 148 52 18 
9653 122 158 50 17 
7822 1959 135 58 26 
7827 1924 164 59 26 
9660 118 143 62 17 
7920 472 1235 274 99 
6549 498 2079 642 232 
9667 110 144 56 23 
9662 122 138 49 29 
9654 124 144 54 24 
9664 102 167 49 18 
9649 118 154 59 20 
9652 127 138 59 24 
9638 119 156 61 26 
7821 1973 132 51 23 
9671 109 139 56 25 
8188 116 917 526 253 
8001 160 1193 472 174 
9644 112 163 53 28 
9659 126 129 63 23 
7804 1959 160 60 17 
9649 128 141 64 18 
8006 187 1167 442 198 
9637 123 150 68 22 
9672 126 130 56 16 
9659 131 138 50 22 
9630 121 175 44 30 
8244 108 894 515 239 
7940 425 1249 261 125 
9641 131 147 57 24 
9653 123 146 52 26 
8214 121 881 540 244 
8188 126 882 561 243 
8181 97 887 604 231 
9653 119 143 68 17 
7932 475 1251 252 90 
9645 118 151 54 32 
9654 126 148 50 22 
9640 134 131 64 31 
9630 144 159 48 19 
7804 1954 166 54 22 
9627 138 169 52 14 
9644 112 154 65 25 
8025 181 1165 483 146 
8071 171 1163 437 158 
9649 127 145 56 23 
7789 1975 140 65 31 
8226 106 857 559 252 
7864 456 1300 254 126 
9665 119 136 57 23 
9615 123 175 55 32 
9643 123 156 52 26 
9655 111 158 52 24 
7871 464 1291 240 134 
9671 100 156 49 24 
9670 109 148 55 18 
9642 124 165 51 18 
7765 521 1336 259 119 
9662 107 130 69 32 
7855 496 1268 245 136 
8304 125 846 517 208 
9644 123 140 67 26 
9623 123 167 60 27 
9664 113 146 51 26 
8070 186 1145 447 152 
9653 128 137 64 18 
9649 130 146 60 15 
8128 173 1108 440 151 
9617 138 171 52 22 
9671 111 148 52 18 
9646 123 165 48 18 
9625 130 170 53 22 
9637 118 163 55 27 
5341 1724 2118 565 252 
9651 107 159 54 29 
9619 132 153 67 29 
7826 1925 154 66 29 
6782 404 1808 698 308 
9636 137 140 57 30 
9623 128 169 63 17 
9671 96 157 59 17 
8029 188 1172 454 157 
8188 114 924 544 230 
9628 114 176 61 21 
9649 116 164 51 20 
9655 125 152 42 26 
8109 171 1145 437 138 
9693 101 127 54 25 
8249 117 864 557 213 
9618 117 182 51 32 
6360 1967 1278 266 129 
9593 151 168 65 23 
9640 110 170 59 21 
9663 116 153 45 23 
8220 113 900 543 224 
9664 98 155 57 26 
9656 117 144 56 27 
9633 119 149 76 23 
9618 134 167 60 21 
9655 114 152 60 19 
9636 135 146 68 15 
9638 128 153 60 21 
8205 97 934 515 249 
7887 460 1314 235 104 
9666 111 137 63 23 
6549 1672 1172 450 157 
8225 110 904 540 221 
8071 186 1148 454 141 
8073 182 1164 417 164 
9669 112 135 60 24 
9657 120 149 49 25 
7913 478 1253 236 120 
9675 108 138 53 26 
9625 145 149 57 24 
9655 118 145 57 25 
9645 131 140 58 26 
9630 130 160 62 18 
9643 102 171 61 23 
7896 463 1296 231 114 
9642 121 166 56 15 
7729 2053 141 58 19 
8030 164 1185 445 176 
9631 111 164 64 30 
9656 111 165 46 22 
9637 138 166 46 13 
9625 121 162 68 24 
6655 1640 880 550 275 
9640 139 145 58 18 
7856 1937 122 58 27 
9680 101 144 49 26 
8169 111 941 546 233 
9637 120 152 58 33 
9635 124 160 63 18 
9629 132 146 61 32 
9639 112 168 52 29 
8056 172 1177 442 153 
9673 120 132 56 19 
9623 141 147 64 25 
9624 124 175 55 22 
8059 152 1165 456 168 
9653 120 163 43 21 
9626 132 165 53 24 
7901 466 1305 217 111 
9655 129 145 51 20 
8186 111 916 543 244 
9689 128 118 44 21 
9603 135 162 71 29 
9658 119 141 55 27 
9627 108 186 51 28 
7807 1948 163 52 30 
9641 122 150 61 26 
6488 1720 1162 477 153 
8210 136 897 511 246 
9668 100 144 62 26 
9658 117 133 64 28 
7872 502 1288 221 117 
9647 120 150 57 26 
7910 483 1266 231 110 
9625 118 181 57 19 
8154 120 883 597 246 
7874 477 1283 234 132 
9638 129 161 54 18 
7858 1902 152 58 30 
9628 118 166 66 22 
7733 2033 139 77 18 
8096 169 1169 408 158 
7990 198 1185 457 170 
8224 112 879 538 247 
9629 136 154 56 25 
6755 1634 822 539 250 
9683 120 130 45 22 
9643 131 143 59 24 
5507 1622 1826 745 300 
9640 121 157 60 22 
9655 120 155 50 20 
9631 135 150 64 20 
7840 1950 124 54 32 
9654 125 142 54 25 
7904 439 1289 233 135 
9629 113 161 71 26 
8223 133 894 506 244 
7874 448 1322 235 121 
9618 143 166 46 27 
9649 107 148 69 27 
9623 122 163 64 28 
9665 103 134 68 30 
8323 104 855 507 211 
7743 2035 138 70 14 
8107 186 1115 445 147 
9623 114 177 60 26 
9639 133 158 44 26 
9662 128 129 52 29 
9638 122 170 48 22 
9649 118 151 58 24 
7864 476 1274 264 122 
7826 1933 152 67 22 
9639 115 168 54 24 
8030 199 1175 425 171 
7870 492 1271 255 112 
9657 127 135 57 24 
9647 111 157 61 24 
9675 121 147 43 14 
9635 118 157 65 25 
7976 475 1200 234 115 
8233 111 863 556 237 
9669 112 138 56 25 
9656 114 151 58 21 
9622 147 146 64 21 
9690 93 142 59 16 
9644 126 147 57 26 
9589 136 176 67 32 
9631 127 159 57 26 
9664 111 157 50 18 
9636 126 159 51 28 
9649 114 152 57 28 
9611 132 175 56 26 
9654 126 129 63 28 
7904 474 1270 242 110 
8011 183 1157 475 174 
7843 1931 164 42 20 
9657 109 154 62 18 
9626 126 182 49 17 
9668 126 141 46 19 
9623 125 166 65 21 
7897 474 1309 217 103 
9636 133 154 51 26 
9634 132 156 54 24 
9655 127 139 54 25 
9607 149 159 61 24 
9606 140 176 55 23 
9643 136 144 46 31 
9659 109 151 59 22 
9620 133 153 66 28 
9642 132 149 59 18 
6633 439 2083 594 251 
8070 169 1137 470 154 
8113 171 1131 414 171 
7993 174 1171 473 189 
7801 1958 162 58 21 
9667 108 153 55 17 
5530 1660 1816 668 326 
9655 105 154 64 22 
9637 124 156 59 24 
7970 179 1217 463 171 
9632 128 160 49 31 
9652 131 148 44 25 
9629 151 139 61 20 
9608 128 178 65 21 
9655 112 151 55 27 
9661 122 134 61 22 
8043 196 1131 452 178 
7888 1882 159 50 21 
8266 132 858 519 225 
9656 109 156 54 25 
7815 1955 150 55 25 
9639 118 158 60 25 
9638 129 146 55 32 
7820 1948 162 45 25 
9621 131 167 54 27 
9646 103 164 53 34 
9681 100 145 45 29 
9642 122 163 53 20 
9647 114 151 66 22 
9630 113 169 61 27 
9633 102 156 75 34 
9651 115 146 63 25 
9653 127 140 59 21 
9651 108 162 56 23 
9604 140 172 62 22 
9643 120 156 62 19 
7853 479 1277 277 114 
9652 104 153 71 20 
9659 121 146 49 25 
9637 135 158 47 23 
8121 128 947 544 260 
9646 121 146 69 18 
9629 131 159 58 23 
9639 116 157 59 29 
9648 132 153 47 20 
6981 167 1696 825 331 
9661 115 150 57 17 
8214 126 917 528 215 
8092 187 1127 431 163 
7910 452 1264 255 119 
9621 140 156 52 31 
9641 133 154 51 21 
9678 102 140 55 25 
7913 453 1302 226 106 
6397 1990 1238 266 109 
7761 1986 160 67 26 
7994 178 1192 477 159 
9617 137 157 73 16 
9621 138 149 69 23 
9634 129 167 45 25 
9642 135 153 53 17 
7794 1958 147 80 21 
9614 150 169 46 21 
9630 122 160 67 21 
9622 135 159 57 27 
8042 168 1147 478 165 
9630 136 151 60 23 
7813 1963 149 54 21 
9651 127 134 61 27 
9660 111 165 48 16 
9630 120 174 51 25 
9644 123 151 55 27 
9669 111 140 56 24 
7927 462 1247 276 88 
9636 119 159 61 25 
6722 434 1849 683 312 
9640 116 156 60 28 
9657 113 153 58 19 
9675 93 150 52 30 
9638 110 167 66 19 
9667 114 142 47 30 
7832 1916 153 69 30 
7824 1931 158 65 22 
8198 134 901 540 227 
9613 130 161 74 22 
9661 125 139 55 20 
9613 142 167 58 20 
9661 100 160 58 21 
9626 128 161 68 17 
9648 128 144 59 21 
8284 107 850 523 236 
9652 113 154 56 25 
9629 116 162 63 30 
8172 101 920 588 219 
9607 135 185 51 22 
9660 111 141 62 26 
6372 2000 1271 264 93 
8031 174 1132 483 180 
9659 113 152 57 19 
9640 138 156 51 15 
9672 108 159 46 15 
9693 98 143 46 20 
7777 1994 152 56 21 
9647 121 155 46 31 
7976 444 1234 218 128 
7797 1958 160 53 32 
9683 111 140 50 16 
8088 161 1150 445 156 
7879 1868 168 55 30 
9633 126 164 56 21 
6679 1616 911 543 251 
8213 113 913 519 242 
9669 102 144 67 18 
9668 102 146 58 26 
9641 121 140 60 38 
9641 122 157 56 24 
9646 115 161 52 26 
9637 142 151 43 27 
9649 105 165 60 21 
9647 137 138 55 23 
7767 1994 159 52 28 
7756 2022 129 60 33 
9639 142 141 57 21 
9641 119 151 62 27 
7940 466 1258 223 113 
9674 111 143 58 14 
9644 119 155 58 24 
9647 100 170 57 26 
8191 127 914 525 243 
9646 128 149 58 19 
9624 119 174 48 35 
9685 114 139 40 22 
9665 108 127 68 32 
9639 130 147 63 21 
8227 126 901 528 218 
7971 475 1218 228 108 
9637 114 158 64 27 
6838 412 1768 693 289 
9638 125 163 51 23 
9651 126 130 61 32 
9629 127 154 63 27 
8005 450 1219 227 99 
9649 117 159 54 21 
9652 111 151 63 23 
9639 123 167 47 24 
8034 192 1174 460 140 
5699 1394 1716 815 376 
9628 131 158 56 27 
8290 114 871 503 222 
7743 2040 153 36 28 
8063 170 1144 456 167 
9629 123 157 60 31 
9646 125 144 58 27 
9651 115 147 62 25 
9674 113 141 55 17 
9662 106 158 52 22 
6401 1987 1264 226 122 
7798 1935 180 62 25 
9647 112 153 69 19 
9638 122 146 69 25 
7760 2018 137 63 22 
9660 119 143 54 24 
9667 110 143 54 26 
8078 180 1146 443 153 
9691 106 132 52 19 
9648 122 154 58 18 
8220 107 931 496 246 
7904 494 1233 255 114 
9634 123 154 66 23 
6377 2012 1266 229 116 
9621 120 172 58 29 
8020 167 1183 463 167 
9660 119 143 54 24 
7913 429 1283 260 115 
9657 128 137 44 34 
7834 1937 156 50 23 
9656 118 144 60 22 
9671 114 141 55 19 
6396 2011 1225 236 132 
9650 118 152 54 26 
7832 1941 145 60 22 
9677 113 137 56 17 
9666 128 128 57 21 
7878 1887 160 50 25 
7900 455 1286 249 110 
9666 122 141 52 19 
9664 115 165 42 14 
9646 115 166 54 19 
9632 133 143 68 24 
9645 116 160 49 30 
9642 120 148 67 23 
9631 139 161 50 19 
9611 133 153 75 28 
9640 121 157 61 21 
9648 130 151 51 20 
9640 117 152 66 25 
9622 119 167 69 23 
9672 111 141 50 26 
9660 122 143 58 17 
9649 135 143 51 22 
6935 152 1705 846 362 
7868 468 1334 229 101 
9649 116 168 43 24 
9648 124 140 65 23 
9678 107 143 50 22 
7757 1979 183 60 21 
9676 118 125 55 26 
9653 123 137 64 23 
9653 121 145 52 29 
9630 127 162 57 24 
9642 118 162 54 24 
9666 115 138 64 17 
9636 117 149 63 35 
9615 137 155 66 27 
8088 185 1129 422 176 
9660 122 135 55 28 
9676 109 152 48 15 
9662 121 142 56 19 
8106 165 1122 430 177 
8213 121 897 523 246 
9660 130 130 64 16 
9662 111 142 53 32 
9657 142 133 48 20 
9673 112 135 52 28 
9621 149 141 63 26 
7845 1931 144 60 20 
9680 107 152 44 17 
9617 126 169 66 22 
9659 108 148 62 23 
9631 133 157 51 28 
8046 169 1172 440 173 
9620 139 162 61 18 
9611 142 155 63 29 
9638 131 152 57 22 
9649 121 162 54 14 
9675 128 117 53 27 
8050 177 1159 458 156 
9628 114 166 66 26 
8207 112 908 558 215 
9647 114 155 55 29 
7757 2010 161 48 24 
9654 114 156 55 21 
9662 113 158 44 23 
9644 114 167 58 17 
9616 135 152 76 21 
9656 128 148 49 19 
8190 101 937 547 225 
9639 122 161 51 27 
7878 511 1257 229 125 
8066 192 1144 449 149 
9664 91 168 43 34 
9634 117 159 64 26 
9645 140 136 53 26 
9644 129 147 63 17 
7821 1954 153 52 20 
9669 130 123 51 27 
9657 120 151 57 15 
6847 364 1823 692 274 
9656 125 152 47 20 
8024 166 1177 464 169 
8020 175 1184 453 168 
8213 120 915 553 199 
6897 157 1758 885 303 
